{"/Users/teomurgi/comodo/lib/agent.js":{"path":"/Users/teomurgi/comodo/lib/agent.js","s":{"1":1,"2":1,"3":1,"4":5,"5":0,"6":5,"7":5,"8":2,"9":5,"10":2,"11":5,"12":5,"13":5,"14":5,"15":1,"16":5,"17":5,"18":5,"19":4,"20":4,"21":4,"22":4,"23":3,"24":4,"25":0,"26":1,"27":2,"28":2,"29":2,"30":1,"31":4,"32":4,"33":4,"34":4,"35":4,"36":1,"37":4,"38":4,"39":1},"b":{"1":[0,5],"2":[2,3],"3":[2,3],"4":[5,4],"5":[4,0],"6":[4,0],"7":[4,4]},"f":{"1":5,"2":5,"3":5,"4":4,"5":4,"6":3,"7":2,"8":4,"9":4},"fnMap":{"1":{"name":"Agent","line":32,"loc":{"start":{"line":32,"column":0},"end":{"line":32,"column":20}}},"2":{"name":"(anonymous_2)","line":69,"loc":{"start":{"line":69,"column":21},"end":{"line":69,"column":33}}},"3":{"name":"(anonymous_3)","line":74,"loc":{"start":{"line":74,"column":8},"end":{"line":74,"column":26}}},"4":{"name":"(anonymous_4)","line":77,"loc":{"start":{"line":77,"column":8},"end":{"line":77,"column":26}}},"5":{"name":"(anonymous_5)","line":80,"loc":{"start":{"line":80,"column":7},"end":{"line":80,"column":31}}},"6":{"name":"(anonymous_6)","line":83,"loc":{"start":{"line":83,"column":27},"end":{"line":83,"column":37}}},"7":{"name":"(anonymous_7)","line":95,"loc":{"start":{"line":95,"column":24},"end":{"line":95,"column":36}}},"8":{"name":"(anonymous_8)","line":102,"loc":{"start":{"line":102,"column":31},"end":{"line":102,"column":43}}},"9":{"name":"(anonymous_9)","line":113,"loc":{"start":{"line":113,"column":31},"end":{"line":113,"column":43}}}},"statementMap":{"1":{"start":{"line":28,"column":0},"end":{"line":28,"column":29}},"2":{"start":{"line":29,"column":0},"end":{"line":29,"column":31}},"3":{"start":{"line":32,"column":0},"end":{"line":67,"column":1}},"4":{"start":{"line":34,"column":4},"end":{"line":36,"column":5}},"5":{"start":{"line":35,"column":8},"end":{"line":35,"column":31}},"6":{"start":{"line":38,"column":4},"end":{"line":38,"column":20}},"7":{"start":{"line":43,"column":4},"end":{"line":45,"column":5}},"8":{"start":{"line":44,"column":8},"end":{"line":44,"column":18}},"9":{"start":{"line":47,"column":4},"end":{"line":49,"column":5}},"10":{"start":{"line":48,"column":8},"end":{"line":48,"column":18}},"11":{"start":{"line":55,"column":4},"end":{"line":55,"column":48}},"12":{"start":{"line":60,"column":4},"end":{"line":60,"column":21}},"13":{"start":{"line":61,"column":4},"end":{"line":61,"column":20}},"14":{"start":{"line":63,"column":4},"end":{"line":66,"column":7}},"15":{"start":{"line":69,"column":0},"end":{"line":93,"column":2}},"16":{"start":{"line":70,"column":4},"end":{"line":70,"column":20}},"17":{"start":{"line":73,"column":4},"end":{"line":91,"column":7}},"18":{"start":{"line":75,"column":12},"end":{"line":75,"column":40}},"19":{"start":{"line":78,"column":12},"end":{"line":78,"column":40}},"20":{"start":{"line":81,"column":8},"end":{"line":90,"column":9}},"21":{"start":{"line":82,"column":12},"end":{"line":86,"column":13}},"22":{"start":{"line":83,"column":16},"end":{"line":85,"column":41}},"23":{"start":{"line":84,"column":20},"end":{"line":84,"column":32}},"24":{"start":{"line":87,"column":12},"end":{"line":87,"column":24}},"25":{"start":{"line":89,"column":12},"end":{"line":89,"column":20}},"26":{"start":{"line":95,"column":0},"end":{"line":99,"column":2}},"27":{"start":{"line":96,"column":4},"end":{"line":96,"column":20}},"28":{"start":{"line":97,"column":4},"end":{"line":97,"column":24}},"29":{"start":{"line":98,"column":4},"end":{"line":98,"column":16}},"30":{"start":{"line":102,"column":0},"end":{"line":111,"column":2}},"31":{"start":{"line":103,"column":4},"end":{"line":103,"column":20}},"32":{"start":{"line":106,"column":4},"end":{"line":106,"column":27}},"33":{"start":{"line":107,"column":4},"end":{"line":107,"column":64}},"34":{"start":{"line":108,"column":4},"end":{"line":108,"column":66}},"35":{"start":{"line":110,"column":4},"end":{"line":110,"column":9}},"36":{"start":{"line":113,"column":0},"end":{"line":121,"column":2}},"37":{"start":{"line":114,"column":4},"end":{"line":114,"column":20}},"38":{"start":{"line":120,"column":4},"end":{"line":120,"column":9}},"39":{"start":{"line":125,"column":0},"end":{"line":125,"column":23}}},"branchMap":{"1":{"line":34,"type":"if","locations":[{"start":{"line":34,"column":4},"end":{"line":34,"column":4}},{"start":{"line":34,"column":4},"end":{"line":34,"column":4}}]},"2":{"line":43,"type":"if","locations":[{"start":{"line":43,"column":4},"end":{"line":43,"column":4}},{"start":{"line":43,"column":4},"end":{"line":43,"column":4}}]},"3":{"line":47,"type":"if","locations":[{"start":{"line":47,"column":4},"end":{"line":47,"column":4}},{"start":{"line":47,"column":4},"end":{"line":47,"column":4}}]},"4":{"line":55,"type":"binary-expr","locations":[{"start":{"line":55,"column":23},"end":{"line":55,"column":39}},{"start":{"line":55,"column":43},"end":{"line":55,"column":47}}]},"5":{"line":81,"type":"if","locations":[{"start":{"line":81,"column":8},"end":{"line":81,"column":8}},{"start":{"line":81,"column":8},"end":{"line":81,"column":8}}]},"6":{"line":82,"type":"if","locations":[{"start":{"line":82,"column":12},"end":{"line":82,"column":12}},{"start":{"line":82,"column":12},"end":{"line":82,"column":12}}]},"7":{"line":82,"type":"binary-expr","locations":[{"start":{"line":82,"column":15},"end":{"line":82,"column":27}},{"start":{"line":82,"column":31},"end":{"line":82,"column":56}}]}}},"/Users/teomurgi/comodo/lib/coap.js":{"path":"/Users/teomurgi/comodo/lib/coap.js","s":{"1":1,"2":1,"3":1,"4":0,"5":1,"6":1,"7":1,"8":1,"9":1,"10":1,"11":1,"12":1,"13":0,"14":1,"15":0,"16":1,"17":1,"18":1,"19":0,"20":1,"21":1,"22":1,"23":1,"24":1,"25":1},"b":{"1":[0,1],"2":[1,0],"3":[1,1],"4":[1,1],"5":[0,1],"6":[1,1],"7":[0,1],"8":[1,0]},"f":{"1":1,"2":1,"3":0,"4":1,"5":1},"fnMap":{"1":{"name":"CoapTransport","line":30,"loc":{"start":{"line":30,"column":0},"end":{"line":30,"column":28}}},"2":{"name":"(anonymous_2)","line":47,"loc":{"start":{"line":47,"column":38},"end":{"line":47,"column":63}}},"3":{"name":"(anonymous_3)","line":54,"loc":{"start":{"line":54,"column":13},"end":{"line":54,"column":23}}},"4":{"name":"(anonymous_4)","line":71,"loc":{"start":{"line":71,"column":22},"end":{"line":71,"column":36}}},"5":{"name":"(anonymous_5)","line":73,"loc":{"start":{"line":73,"column":22},"end":{"line":73,"column":34}}}},"statementMap":{"1":{"start":{"line":28,"column":0},"end":{"line":28,"column":27}},"2":{"start":{"line":30,"column":0},"end":{"line":45,"column":1}},"3":{"start":{"line":32,"column":4},"end":{"line":34,"column":5}},"4":{"start":{"line":33,"column":8},"end":{"line":33,"column":39}},"5":{"start":{"line":36,"column":4},"end":{"line":36,"column":21}},"6":{"start":{"line":38,"column":4},"end":{"line":40,"column":5}},"7":{"start":{"line":39,"column":8},"end":{"line":39,"column":18}},"8":{"start":{"line":42,"column":4},"end":{"line":42,"column":53}},"9":{"start":{"line":43,"column":4},"end":{"line":43,"column":46}},"10":{"start":{"line":47,"column":0},"end":{"line":81,"column":2}},"11":{"start":{"line":48,"column":4},"end":{"line":48,"column":20}},"12":{"start":{"line":50,"column":4},"end":{"line":52,"column":5}},"13":{"start":{"line":51,"column":8},"end":{"line":51,"column":77}},"14":{"start":{"line":53,"column":4},"end":{"line":55,"column":5}},"15":{"start":{"line":54,"column":8},"end":{"line":54,"column":26}},"16":{"start":{"line":57,"column":4},"end":{"line":57,"column":12}},"17":{"start":{"line":59,"column":4},"end":{"line":63,"column":5}},"18":{"start":{"line":60,"column":8},"end":{"line":60,"column":38}},"19":{"start":{"line":62,"column":8},"end":{"line":62,"column":22}},"20":{"start":{"line":66,"column":4},"end":{"line":76,"column":7}},"21":{"start":{"line":72,"column":8},"end":{"line":73,"column":8}},"22":{"start":{"line":73,"column":8},"end":{"line":75,"column":11}},"23":{"start":{"line":74,"column":12},"end":{"line":74,"column":25}},"24":{"start":{"line":78,"column":4},"end":{"line":78,"column":17}},"25":{"start":{"line":83,"column":0},"end":{"line":83,"column":31}}},"branchMap":{"1":{"line":32,"type":"if","locations":[{"start":{"line":32,"column":4},"end":{"line":32,"column":4}},{"start":{"line":32,"column":4},"end":{"line":32,"column":4}}]},"2":{"line":38,"type":"if","locations":[{"start":{"line":38,"column":4},"end":{"line":38,"column":4}},{"start":{"line":38,"column":4},"end":{"line":38,"column":4}}]},"3":{"line":42,"type":"binary-expr","locations":[{"start":{"line":42,"column":22},"end":{"line":42,"column":37}},{"start":{"line":42,"column":41},"end":{"line":42,"column":52}}]},"4":{"line":43,"type":"binary-expr","locations":[{"start":{"line":43,"column":22},"end":{"line":43,"column":37}},{"start":{"line":43,"column":41},"end":{"line":43,"column":45}}]},"5":{"line":50,"type":"if","locations":[{"start":{"line":50,"column":4},"end":{"line":50,"column":4}},{"start":{"line":50,"column":4},"end":{"line":50,"column":4}}]},"6":{"line":50,"type":"binary-expr","locations":[{"start":{"line":50,"column":7},"end":{"line":50,"column":12}},{"start":{"line":50,"column":16},"end":{"line":50,"column":27}}]},"7":{"line":53,"type":"if","locations":[{"start":{"line":53,"column":4},"end":{"line":53,"column":4}},{"start":{"line":53,"column":4},"end":{"line":53,"column":4}}]},"8":{"line":59,"type":"if","locations":[{"start":{"line":59,"column":4},"end":{"line":59,"column":4}},{"start":{"line":59,"column":4},"end":{"line":59,"column":4}}]}}}}