{"/Users/teomurgi/comodo/lib/agent.js":{"path":"/Users/teomurgi/comodo/lib/agent.js","s":{"1":1,"2":1,"3":1,"4":7,"5":1,"6":6,"7":6,"8":2,"9":6,"10":3,"11":6,"12":6,"13":6,"14":6,"15":1,"16":5,"17":5,"18":5,"19":4,"20":4,"21":4,"22":4,"23":3,"24":4,"25":0,"26":1,"27":2,"28":2,"29":2,"30":1,"31":4,"32":4,"33":4,"34":4,"35":4,"36":1,"37":4,"38":4,"39":4,"40":1},"b":{"1":[1,6],"2":[2,4],"3":[3,3],"4":[6,5],"5":[4,0],"6":[4,0],"7":[4,4]},"f":{"1":7,"2":5,"3":5,"4":4,"5":4,"6":3,"7":2,"8":4,"9":4},"fnMap":{"1":{"name":"Agent","line":11,"loc":{"start":{"line":11,"column":0},"end":{"line":11,"column":20}}},"2":{"name":"(anonymous_2)","line":48,"loc":{"start":{"line":48,"column":21},"end":{"line":48,"column":33}}},"3":{"name":"(anonymous_3)","line":53,"loc":{"start":{"line":53,"column":8},"end":{"line":53,"column":26}}},"4":{"name":"(anonymous_4)","line":56,"loc":{"start":{"line":56,"column":8},"end":{"line":56,"column":26}}},"5":{"name":"(anonymous_5)","line":59,"loc":{"start":{"line":59,"column":7},"end":{"line":59,"column":31}}},"6":{"name":"(anonymous_6)","line":62,"loc":{"start":{"line":62,"column":27},"end":{"line":62,"column":37}}},"7":{"name":"(anonymous_7)","line":74,"loc":{"start":{"line":74,"column":24},"end":{"line":74,"column":36}}},"8":{"name":"(anonymous_8)","line":81,"loc":{"start":{"line":81,"column":31},"end":{"line":81,"column":43}}},"9":{"name":"(anonymous_9)","line":92,"loc":{"start":{"line":92,"column":31},"end":{"line":92,"column":43}}}},"statementMap":{"1":{"start":{"line":7,"column":0},"end":{"line":7,"column":29}},"2":{"start":{"line":8,"column":0},"end":{"line":8,"column":31}},"3":{"start":{"line":11,"column":0},"end":{"line":46,"column":1}},"4":{"start":{"line":13,"column":4},"end":{"line":15,"column":5}},"5":{"start":{"line":14,"column":8},"end":{"line":14,"column":27}},"6":{"start":{"line":17,"column":4},"end":{"line":17,"column":20}},"7":{"start":{"line":22,"column":4},"end":{"line":24,"column":5}},"8":{"start":{"line":23,"column":8},"end":{"line":23,"column":18}},"9":{"start":{"line":26,"column":4},"end":{"line":28,"column":5}},"10":{"start":{"line":27,"column":8},"end":{"line":27,"column":18}},"11":{"start":{"line":34,"column":4},"end":{"line":34,"column":48}},"12":{"start":{"line":39,"column":4},"end":{"line":39,"column":21}},"13":{"start":{"line":40,"column":4},"end":{"line":40,"column":20}},"14":{"start":{"line":42,"column":4},"end":{"line":45,"column":7}},"15":{"start":{"line":48,"column":0},"end":{"line":72,"column":2}},"16":{"start":{"line":49,"column":4},"end":{"line":49,"column":20}},"17":{"start":{"line":52,"column":4},"end":{"line":70,"column":7}},"18":{"start":{"line":54,"column":12},"end":{"line":54,"column":40}},"19":{"start":{"line":57,"column":12},"end":{"line":57,"column":40}},"20":{"start":{"line":60,"column":8},"end":{"line":69,"column":9}},"21":{"start":{"line":61,"column":12},"end":{"line":65,"column":13}},"22":{"start":{"line":62,"column":16},"end":{"line":64,"column":41}},"23":{"start":{"line":63,"column":20},"end":{"line":63,"column":32}},"24":{"start":{"line":66,"column":12},"end":{"line":66,"column":24}},"25":{"start":{"line":68,"column":12},"end":{"line":68,"column":20}},"26":{"start":{"line":74,"column":0},"end":{"line":78,"column":2}},"27":{"start":{"line":75,"column":4},"end":{"line":75,"column":20}},"28":{"start":{"line":76,"column":4},"end":{"line":76,"column":24}},"29":{"start":{"line":77,"column":4},"end":{"line":77,"column":16}},"30":{"start":{"line":81,"column":0},"end":{"line":90,"column":2}},"31":{"start":{"line":82,"column":4},"end":{"line":82,"column":20}},"32":{"start":{"line":85,"column":4},"end":{"line":85,"column":27}},"33":{"start":{"line":86,"column":4},"end":{"line":86,"column":64}},"34":{"start":{"line":87,"column":4},"end":{"line":87,"column":66}},"35":{"start":{"line":89,"column":4},"end":{"line":89,"column":9}},"36":{"start":{"line":92,"column":0},"end":{"line":96,"column":2}},"37":{"start":{"line":93,"column":4},"end":{"line":93,"column":20}},"38":{"start":{"line":94,"column":4},"end":{"line":94,"column":40}},"39":{"start":{"line":95,"column":4},"end":{"line":95,"column":9}},"40":{"start":{"line":100,"column":0},"end":{"line":100,"column":23}}},"branchMap":{"1":{"line":13,"type":"if","locations":[{"start":{"line":13,"column":4},"end":{"line":13,"column":4}},{"start":{"line":13,"column":4},"end":{"line":13,"column":4}}]},"2":{"line":22,"type":"if","locations":[{"start":{"line":22,"column":4},"end":{"line":22,"column":4}},{"start":{"line":22,"column":4},"end":{"line":22,"column":4}}]},"3":{"line":26,"type":"if","locations":[{"start":{"line":26,"column":4},"end":{"line":26,"column":4}},{"start":{"line":26,"column":4},"end":{"line":26,"column":4}}]},"4":{"line":34,"type":"binary-expr","locations":[{"start":{"line":34,"column":23},"end":{"line":34,"column":39}},{"start":{"line":34,"column":43},"end":{"line":34,"column":47}}]},"5":{"line":60,"type":"if","locations":[{"start":{"line":60,"column":8},"end":{"line":60,"column":8}},{"start":{"line":60,"column":8},"end":{"line":60,"column":8}}]},"6":{"line":61,"type":"if","locations":[{"start":{"line":61,"column":12},"end":{"line":61,"column":12}},{"start":{"line":61,"column":12},"end":{"line":61,"column":12}}]},"7":{"line":61,"type":"binary-expr","locations":[{"start":{"line":61,"column":15},"end":{"line":61,"column":27}},{"start":{"line":61,"column":31},"end":{"line":61,"column":56}}]}}}}