TN:
SF:/Users/teomurgi/comodo/lib/agent.js
FN:32,Agent
FN:69,(anonymous_2)
FN:74,(anonymous_3)
FN:77,(anonymous_4)
FN:80,(anonymous_5)
FN:83,(anonymous_6)
FN:95,(anonymous_7)
FN:102,(anonymous_8)
FN:113,(anonymous_9)
FNF:9
FNH:9
FNDA:5,Agent
FNDA:5,(anonymous_2)
FNDA:5,(anonymous_3)
FNDA:4,(anonymous_4)
FNDA:4,(anonymous_5)
FNDA:3,(anonymous_6)
FNDA:2,(anonymous_7)
FNDA:4,(anonymous_8)
FNDA:4,(anonymous_9)
DA:28,1
DA:29,1
DA:32,1
DA:34,5
DA:35,0
DA:38,5
DA:43,5
DA:44,2
DA:47,5
DA:48,2
DA:55,5
DA:60,5
DA:61,5
DA:63,5
DA:69,1
DA:70,5
DA:73,5
DA:75,5
DA:78,4
DA:81,4
DA:82,4
DA:83,4
DA:84,3
DA:87,4
DA:89,0
DA:95,1
DA:96,2
DA:97,2
DA:98,2
DA:102,1
DA:103,4
DA:106,4
DA:107,4
DA:108,4
DA:110,4
DA:113,1
DA:114,4
DA:120,4
DA:125,1
LF:39
LH:37
BRDA:34,1,0,0
BRDA:34,1,1,5
BRDA:43,2,0,2
BRDA:43,2,1,3
BRDA:47,3,0,2
BRDA:47,3,1,3
BRDA:55,4,0,5
BRDA:55,4,1,4
BRDA:81,5,0,4
BRDA:81,5,1,0
BRDA:82,6,0,4
BRDA:82,6,1,0
BRDA:82,7,0,4
BRDA:82,7,1,4
BRF:14
BRH:11
end_of_record
TN:
SF:/Users/teomurgi/comodo/lib/coap.js
FN:30,CoapTransport
FN:47,(anonymous_2)
FN:54,(anonymous_3)
FN:71,(anonymous_4)
FN:73,(anonymous_5)
FNF:5
FNH:4
FNDA:1,CoapTransport
FNDA:1,(anonymous_2)
FNDA:0,(anonymous_3)
FNDA:1,(anonymous_4)
FNDA:1,(anonymous_5)
DA:28,1
DA:30,1
DA:32,1
DA:33,0
DA:36,1
DA:38,1
DA:39,1
DA:42,1
DA:43,1
DA:47,1
DA:48,1
DA:50,1
DA:51,0
DA:53,1
DA:54,0
DA:57,1
DA:59,1
DA:60,1
DA:62,0
DA:66,1
DA:72,1
DA:73,1
DA:74,1
DA:78,1
DA:83,1
LF:25
LH:21
BRDA:32,1,0,0
BRDA:32,1,1,1
BRDA:38,2,0,1
BRDA:38,2,1,0
BRDA:42,3,0,1
BRDA:42,3,1,1
BRDA:43,4,0,1
BRDA:43,4,1,1
BRDA:50,5,0,0
BRDA:50,5,1,1
BRDA:50,6,0,1
BRDA:50,6,1,1
BRDA:53,7,0,0
BRDA:53,7,1,1
BRDA:59,8,0,1
BRDA:59,8,1,0
BRF:16
BRH:11
end_of_record
