TN:
SF:/Users/teomurgi/comodo/lib/agent.js
FN:11,Agent
FN:48,(anonymous_2)
FN:53,(anonymous_3)
FN:56,(anonymous_4)
FN:59,(anonymous_5)
FN:62,(anonymous_6)
FN:74,(anonymous_7)
FN:81,(anonymous_8)
FN:92,(anonymous_9)
FNF:9
FNH:9
FNDA:7,Agent
FNDA:5,(anonymous_2)
FNDA:5,(anonymous_3)
FNDA:4,(anonymous_4)
FNDA:4,(anonymous_5)
FNDA:3,(anonymous_6)
FNDA:2,(anonymous_7)
FNDA:4,(anonymous_8)
FNDA:4,(anonymous_9)
DA:7,1
DA:8,1
DA:11,1
DA:13,7
DA:14,1
DA:17,6
DA:22,6
DA:23,2
DA:26,6
DA:27,3
DA:34,6
DA:39,6
DA:40,6
DA:42,6
DA:48,1
DA:49,5
DA:52,5
DA:54,5
DA:57,4
DA:60,4
DA:61,4
DA:62,4
DA:63,3
DA:66,4
DA:68,0
DA:74,1
DA:75,2
DA:76,2
DA:77,2
DA:81,1
DA:82,4
DA:85,4
DA:86,4
DA:87,4
DA:89,4
DA:92,1
DA:93,4
DA:94,4
DA:95,4
DA:100,1
LF:40
LH:39
BRDA:13,1,0,1
BRDA:13,1,1,6
BRDA:22,2,0,2
BRDA:22,2,1,4
BRDA:26,3,0,3
BRDA:26,3,1,3
BRDA:34,4,0,6
BRDA:34,4,1,5
BRDA:60,5,0,4
BRDA:60,5,1,0
BRDA:61,6,0,4
BRDA:61,6,1,0
BRDA:61,7,0,4
BRDA:61,7,1,4
BRF:14
BRH:12
end_of_record
